[debug] [2021-03-17T22:10:54.108Z] ----------------------------------------------------------------------
[debug] [2021-03-17T22:10:54.110Z] Command:       C:\Program Files\nodejs\node.exe C:\Users\nikit\AppData\Roaming\npm\node_modules\firebase-tools\lib\bin\firebase.js init
[debug] [2021-03-17T22:10:54.110Z] CLI Version:   9.6.1
[debug] [2021-03-17T22:10:54.110Z] Platform:      win32
[debug] [2021-03-17T22:10:54.110Z] Node Version:  v14.16.0
[debug] [2021-03-17T22:10:54.111Z] Time:          Thu Mar 18 2021 03:40:54 GMT+0530 (India Standard Time)
[debug] [2021-03-17T22:10:54.111Z] ----------------------------------------------------------------------
[debug] [2021-03-17T22:10:54.111Z] 
[debug] [2021-03-17T22:10:54.116Z] > command requires scopes: ["email","openid","https://www.googleapis.com/auth/cloudplatformprojects.readonly","https://www.googleapis.com/auth/firebase","https://www.googleapis.com/auth/cloud-platform"]
[debug] [2021-03-17T22:10:54.116Z] > authorizing via signed-in user
[info] 
     ######## #### ########  ######## ########     ###     ######  ########
     ##        ##  ##     ## ##       ##     ##  ##   ##  ##       ##
     ######    ##  ########  ######   ########  #########  ######  ######
     ##        ##  ##    ##  ##       ##     ## ##     ##       ## ##
     ##       #### ##     ## ######## ########  ##     ##  ######  ########

You're about to initialize a Firebase project in this directory:

  C:\Users\nikit\Desktop\GWL\DAY 4\web dev project

[info] 
=== Project Setup
[info] 
[info] First, let's associate this project directory with a Firebase project.
[info] You can create multiple project aliases by running firebase use --add, 
[info] but for now we'll just set up a default project.
[info] 
[debug] [2021-03-17T22:11:19.524Z] >>> [apiv2][query] GET https://firebase.googleapis.com/v1beta1/projects pageSize=100
[debug] [2021-03-17T22:11:20.223Z] <<< [apiv2][status] GET https://firebase.googleapis.com/v1beta1/projects 200
[debug] [2021-03-17T22:11:20.223Z] <<< [apiv2][body] GET https://firebase.googleapis.com/v1beta1/projects [omitted]
[info] i  Using project gwl-web-project (gwl-web-project) 
[info] 
=== Hosting Setup
[info] 
[info] Your public directory is the folder (relative to your project directory) that
[info] will contain Hosting assets to be uploaded with firebase deploy. If you
[info] have a build process for your assets, use your build's output directory.
[info] 
[info] +  Wrote main/404.html 
[debug] [2021-03-17T22:11:58.359Z] >>> [apiv2][query] GET https://www.gstatic.com/firebasejs/releases.json [none]
[debug] [2021-03-17T22:11:58.630Z] <<< [apiv2][status] GET https://www.gstatic.com/firebasejs/releases.json 200
[debug] [2021-03-17T22:11:58.630Z] <<< [apiv2][body] GET https://www.gstatic.com/firebasejs/releases.json {"current":{"version":"8.3.0","browserURL":"https://www.gstatic.com/firebasejs/8.3.0/firebase.js","packageURL":"https://www.gstatic.com/firebasejs/8.3.0/firebase.tgz"},"live":{"version":"8.3","browserURL":"https://www.gstatic.com/firebasejs/live/8.3/firebase.js","packageURL":"https://www.gstatic.com/firebasejs/live/8.3/firebase.tgz"},"components":{"analytics":"https://www.gstatic.com/firebasejs/8.3.0/firebase-analytics.js","app":"https://www.gstatic.com/firebasejs/8.3.0/firebase-app.js","auth":"https://www.gstatic.com/firebasejs/8.3.0/firebase-auth.js","database":"https://www.gstatic.com/firebasejs/8.3.0/firebase-database.js","firestore":"https://www.gstatic.com/firebasejs/8.3.0/firebase-firestore.js","functions":"https://www.gstatic.com/firebasejs/8.3.0/firebase-functions.js","installations":"https://www.gstatic.com/firebasejs/8.3.0/firebase-installations.js","messaging":"https://www.gstatic.com/firebasejs/8.3.0/firebase-messaging.js","storage":"https://www.gstatic.com/firebasejs/8.3.0/firebase-storage.js","performance":"https://www.gstatic.com/firebasejs/8.3.0/firebase-performance.js","remote-config":"https://www.gstatic.com/firebasejs/8.3.0/firebase-remote-config.js","firestore.memory":"https://www.gstatic.com/firebasejs/8.3.0/firebase-firestore.memory.js"}}
[info] +  Wrote main/index.html 
[info] 
[info] i  Didn't detect a .git folder. Assuming C:\Users\nikit\Desktop\GWL\DAY 4\web dev project is the project root. 
[info] i  Authorizing with GitHub to upload your service account to a GitHub repository's secrets store. 
[info] 
[info] Visit this URL on this device to log in:
[info] https://github.com/login/oauth/authorize?client_id=89cf50f02ac6aaed3484&state=131563074&redirect_uri=http%3A%2F%2Flocalhost%3A9005&scope=read%3Auser%20repo%20public_repo
[info] 
[info] Waiting for authentication...
[debug] [2021-03-17T22:12:07.073Z] >>> HTTP REQUEST POST https://github.com/login/oauth/access_token  
 {"client_id":"89cf50f02ac6aaed3484","client_secret":"3330d14abc895d9a74d5f17cd7a00711fa2c5bf0","code":"36155f3507f0bf858995","redirect_uri":"http://localhost:9005","state":"131563074"}
[debug] [2021-03-17T22:12:07.636Z] <<< HTTP RESPONSE 200 {"server":"GitHub.com","date":"Wed, 17 Mar 2021 22:12:07 GMT","content-type":"application/json; charset=utf-8","transfer-encoding":"chunked","vary":"X-PJAX, Accept-Encoding, Accept, X-Requested-With","etag":"W/\"1e9cd6042f4dbd22e19f63a56e762904\"","cache-control":"max-age=0, private, must-revalidate","strict-transport-security":"max-age=31536000; includeSubdomains; preload","x-frame-options":"deny","x-content-type-options":"nosniff","x-xss-protection":"0","referrer-policy":"origin-when-cross-origin, strict-origin-when-cross-origin","expect-ct":"max-age=2592000, report-uri=\"https://api.github.com/_private/browser/errors\"","content-security-policy":"default-src 'none'; base-uri 'self'; block-all-mixed-content; connect-src 'self' uploads.github.com www.githubstatus.com collector.githubapp.com api.github.com github-cloud.s3.amazonaws.com github-production-repository-file-5c1aeb.s3.amazonaws.com github-production-upload-manifest-file-7fdce7.s3.amazonaws.com github-production-user-asset-6210df.s3.amazonaws.com cdn.optimizely.com logx.optimizely.com/v1/events wss://alive.github.com; font-src github.githubassets.com; form-action 'self' github.com gist.github.com; frame-ancestors 'none'; frame-src render.githubusercontent.com; img-src 'self' data: github.githubassets.com identicons.github.com collector.githubapp.com github-cloud.s3.amazonaws.com secured-user-images.githubusercontent.com/ *.githubusercontent.com; manifest-src 'self'; media-src 'none'; script-src github.githubassets.com; style-src 'unsafe-inline' github.githubassets.com; worker-src github.com/socket-worker-6832eced.js gist.github.com/socket-worker-6832eced.js","x-github-request-id":"D474:7FF5:A61A1B:B54389:60527EB6"}
[debug] [2021-03-17T22:12:07.639Z] >>> [apiv2][query] GET https://api.github.com/user [none]
[debug] [2021-03-17T22:12:08.221Z] <<< [apiv2][status] GET https://api.github.com/user 200
[debug] [2021-03-17T22:12:08.221Z] <<< [apiv2][body] GET https://api.github.com/user {"login":"sudo-nick16","id":73229823,"node_id":"MDQ6VXNlcjczMjI5ODIz","avatar_url":"https://avatars.githubusercontent.com/u/73229823?v=4","gravatar_id":"","url":"https://api.github.com/users/sudo-nick16","html_url":"https://github.com/sudo-nick16","followers_url":"https://api.github.com/users/sudo-nick16/followers","following_url":"https://api.github.com/users/sudo-nick16/following{/other_user}","gists_url":"https://api.github.com/users/sudo-nick16/gists{/gist_id}","starred_url":"https://api.github.com/users/sudo-nick16/starred{/owner}{/repo}","subscriptions_url":"https://api.github.com/users/sudo-nick16/subscriptions","organizations_url":"https://api.github.com/users/sudo-nick16/orgs","repos_url":"https://api.github.com/users/sudo-nick16/repos","events_url":"https://api.github.com/users/sudo-nick16/events{/privacy}","received_events_url":"https://api.github.com/users/sudo-nick16/received_events","type":"User","site_admin":false,"name":"Nikit","company":null,"blog":"linkt.ree/sudo_nick16","location":"India","email":null,"hireable":null,"bio":null,"twitter_username":null,"public_repos":15,"public_gists":1,"followers":4,"following":8,"created_at":"2020-10-21T11:12:30Z","updated_at":"2021-03-17T22:12:06Z","private_gists":0,"total_private_repos":0,"owned_private_repos":0,"disk_usage":80044,"collaborators":0,"two_factor_authentication":false,"plan":{"name":"free","space":976562499,"collaborators":0,"private_repos":10000}}
[info] 
[info] +  Success! Logged into GitHub as sudo-nick16 
[info] 
